<?xml version="1.0" encoding="UTF-8"?>
<!-- Generated by org.testng.reporters.JUnitReportReporter -->
<testsuite hostname="Losuinda" failures="0" tests="1" name="testcases.TC002_LoginTest" time="3.046" errors="0" timestamp="2024-09-12T10:15:32 CEST" skipped="0">
  <testcase classname="testcases.TC002_LoginTest" name="clickLogin" time="3.046"/>
</testsuite> <!-- testcases.TC002_LoginTest -->
